Configuring mersenne-random-pure64-0.2.0.4...
Building mersenne-random-pure64-0.2.0.4...
Preprocessing library mersenne-random-pure64-0.2.0.4...
clang: warning: optimization flag '-finline-functions' is not supported
clang: warning: argument unused during compilation: '-finline-functions'
clang: warning: argument unused during compilation: '--param max-inline-insns-single=1800'
clang: warning: optimization flag '-finline-functions' is not supported
clang: warning: argument unused during compilation: '-finline-functions'
clang: warning: argument unused during compilation: '--param max-inline-insns-single=1800'
[1 of 3] Compiling System.Random.Mersenne.Pure64.Base ( .stack-work/dist/x86_64-osx/Cabal-1.22.4.0/build/System/Random/Mersenne/Pure64/Base.hs, .stack-work/dist/x86_64-osx/Cabal-1.22.4.0/build/System/Random/Mersenne/Pure64/Base.o )
[2 of 3] Compiling System.Random.Mersenne.Pure64.MTBlock ( System/Random/Mersenne/Pure64/MTBlock.hs, .stack-work/dist/x86_64-osx/Cabal-1.22.4.0/build/System/Random/Mersenne/Pure64/MTBlock.o )
[3 of 3] Compiling System.Random.Mersenne.Pure64 ( System/Random/Mersenne/Pure64.hs, .stack-work/dist/x86_64-osx/Cabal-1.22.4.0/build/System/Random/Mersenne/Pure64.o )
clang: warning: optimization flag '-finline-functions' is not supported
clang: warning: argument unused during compilation: '-finline-functions'
clang: warning: argument unused during compilation: '--param max-inline-insns-single=1800'
clang: warning: optimization flag '-finline-functions' is not supported
clang: warning: argument unused during compilation: '-finline-functions'
clang: warning: argument unused during compilation: '--param max-inline-insns-single=1800'
clang: warning: optimization flag '-finline-functions' is not supported
clang: warning: argument unused during compilation: '-finline-functions'
clang: warning: argument unused during compilation: '--param max-inline-insns-single=1800'
clang: warning: optimization flag '-finline-functions' is not supported
clang: warning: argument unused during compilation: '-finline-functions'
clang: warning: argument unused during compilation: '--param max-inline-insns-single=1800'
clang: warning: optimization flag '-finline-functions' is not supported
clang: warning: argument unused during compilation: '-finline-functions'
clang: warning: argument unused during compilation: '--param max-inline-insns-single=1800'
clang: warning: optimization flag '-finline-functions' is not supported
clang: warning: argument unused during compilation: '-finline-functions'
clang: warning: argument unused during compilation: '--param max-inline-insns-single=1800'
In-place registering mersenne-random-pure64-0.2.0.4...
Installing library in
/Users/lingxiao/.stack/snapshots/x86_64-osx/lts-3.18/7.10.2/lib/x86_64-osx-ghc-7.10.2/mersenne-random-pure64-0.2.0.4-GMUSjPCCpxkDyMDBSyrmlW
Registering mersenne-random-pure64-0.2.0.4...
